<?xml version="1.0" encoding="UTF-8"?>
<!-- Generated by org.testng.reporters.JUnitXMLReporter -->
<testsuite hostname="DESKTOP-GUS334E" ignored="0" name="Test1(failed)" tests="1" failures="0" timestamp="12 Dec 2018 09:19:52 GMT" time="0.028" errors="0">
  <testcase name="@BeforeTest setup" time="0.0" classname="testNG.TestNGMultiBrowserDemo">
    <failure type="org.testng.TestNGException" message="
Parameter &amp;apos;browserName&amp;apos; is required by BeforeTest on method setup but has not been marked @Optional or defined
in C:\Users\ramya\workspace1\Automation\test-output\testng-failed.xml">
      <![CDATA[org.testng.TestNGException: 
Parameter 'browserName' is required by BeforeTest on method setup but has not been marked @Optional or defined
in C:\Users\ramya\workspace1\Automation\test-output\testng-failed.xml
at java.util.concurrent.FutureTask.run(Unknown Source)
at java.util.concurrent.ThreadPoolExecutor.runWorker(Unknown Source)
at java.util.concurrent.ThreadPoolExecutor$Worker.run(Unknown Source)
at java.lang.Thread.run(Unknown Source)
... Removed 12 stack frames]]>
    </failure>
  </testcase> <!-- @BeforeTest setup -->
  <testcase name="Login" time="0.0" classname="testNG.TestNGMultiBrowserDemo">
    <skipped/>
  </testcase> <!-- Login -->
</testsuite> <!-- Test1(failed) -->
