<?xml version="1.0" encoding="UTF-8"?>
<!-- Generated by org.testng.reporters.JUnitXMLReporter -->
<testsuite hostname="DESKTOP-GUS334E" ignored="0" name="Test3" tests="1" failures="0" timestamp="12 Dec 2018 07:58:57 GMT" time="0.085" errors="0">
  <testcase name="@BeforeTest setUp" time="0.055" classname="testNG.TestNGMultiBrowserDemo">
    <failure type="java.lang.IllegalStateException" message="The driver executable does not exist: C:\Users\ramya\workspace1\Automation\projectPath\drivers\chromedriver\chromedriver.exe">
      <![CDATA[java.lang.IllegalStateException: The driver executable does not exist: C:\Users\ramya\workspace1\Automation\projectPath\drivers\chromedriver\chromedriver.exe
at com.google.common.base.Preconditions.checkState(Preconditions.java:199)
at org.openqa.selenium.remote.service.DriverService.checkExecutable(DriverService.java:121)
at org.openqa.selenium.remote.service.DriverService.findExecutable(DriverService.java:116)
at org.openqa.selenium.chrome.ChromeDriverService.access$000(ChromeDriverService.java:32)
at org.openqa.selenium.chrome.ChromeDriverService$Builder.findDefaultExecutable(ChromeDriverService.java:137)
at org.openqa.selenium.remote.service.DriverService$Builder.build(DriverService.java:296)
at org.openqa.selenium.chrome.ChromeDriverService.createDefaultService(ChromeDriverService.java:88)
at org.openqa.selenium.chrome.ChromeDriver.<init>(ChromeDriver.java:116)
at testNG.TestNGMultiBrowserDemo.setUp(TestNGMultiBrowserDemo.java:27)
... Removed 24 stack frames]]>
    </failure>
  </testcase> <!-- @BeforeTest setUp -->
  <testcase name="Login" time="0.0" classname="testNG.TestNGMultiBrowserDemo">
    <skipped/>
  </testcase> <!-- Login -->
</testsuite> <!-- Test3 -->
